2025-06-29T14:59:25.046944+0800 INFO 当前采集  哈哈哈，第0页
2025-06-29T14:59:28.291183+0800 INFO 作者 不会发的猫 信息写入完成
2025-06-29T14:59:28.296190+0800 INFO 哈哈,https://toutiao.com/group/7520504708000219686/?channel=&in_ogs=&in_tfs=&original_source=&source=news&traffic_source=&utm_medium=wap_search&utm_source=, 不会发的猫
2025-06-29T14:59:30.065626+0800 INFO 作者 云南警方 信息写入完成
2025-06-29T14:59:30.066323+0800 INFO 哈哈哈,https://toutiao.com/group/7364209773601948211/?channel=&in_ogs=&in_tfs=&original_source=&source=news&traffic_source=&utm_medium=wap_search&utm_source=, 云南警方
2025-06-29T14:59:31.657776+0800 INFO 作者 林小白 信息写入完成
2025-06-29T14:59:31.660441+0800 INFO 哈哈哈,https://toutiao.com/group/7510654804386284069/?channel=&in_ogs=&in_tfs=&original_source=&source=news&traffic_source=&utm_medium=wap_search&utm_source=, 林小白
2025-06-29T14:59:32.996122+0800 INFO 作者 茉莉 信息写入完成
2025-06-29T14:59:32.997813+0800 INFO 哈哈哈,https://toutiao.com/group/7425291252008010250/?channel=&in_ogs=&in_tfs=&original_source=&source=news&traffic_source=&utm_medium=wap_search&utm_source=, 茉莉
2025-06-29T14:59:34.613829+0800 INFO 作者 每日臣鲜果 信息写入完成
2025-06-29T14:59:34.615201+0800 INFO 哈哈哈,https://toutiao.com/group/7179767525050417720/?channel=&in_ogs=&in_tfs=&original_source=&source=news&traffic_source=&utm_medium=wap_search&utm_source=, 每日臣鲜果
2025-06-29T14:59:35.980043+0800 INFO 作者 新时代的祥子 信息写入完成
2025-06-29T14:59:35.980984+0800 INFO 哈哈哈,https://toutiao.com/group/7505192065827881491/?channel=&in_ogs=&in_tfs=&original_source=&source=news&traffic_source=&utm_medium=wap_search&utm_source=, 新时代的祥子
2025-06-29T14:59:36.409274+0800 INFO 评论  信息写入完成
2025-06-29T14:59:36.415699+0800 INFO 评论  信息写入完成
2025-06-29T14:59:36.423744+0800 INFO 评论  信息写入完成
2025-06-29T14:59:36.431625+0800 INFO 评论  信息写入完成
2025-06-29T14:59:36.438455+0800 INFO 评论  信息写入完成
2025-06-29T14:59:37.596993+0800 INFO 作者 表情包包H 信息写入完成
2025-06-29T14:59:37.598661+0800 INFO 表情包7哈哈哈,https://toutiao.com/group/7197367418313179648/?channel=&in_ogs=&in_tfs=&original_source=&source=news&traffic_source=&utm_medium=wap_search&utm_source=, 表情包包H
2025-06-29T14:59:39.146532+0800 INFO 作者 半只月亮ly 信息写入完成
2025-06-29T14:59:39.147661+0800 INFO 哈哈哈哈哈,https://toutiao.com/group/7520215160510825012/?channel=&in_ogs=&in_tfs=&original_source=&source=news&traffic_source=&utm_medium=wap_search&utm_source=, 半只月亮ly
2025-06-29T14:59:40.569019+0800 INFO 作者 想你的夜 信息写入完成
2025-06-29T14:59:40.570242+0800 INFO 哈哈哈,https://toutiao.com/group/7354010978096284196/?channel=&in_ogs=&in_tfs=&original_source=&source=news&traffic_source=&utm_medium=wap_search&utm_source=, 想你的夜
2025-06-29T14:59:41.910213+0800 INFO 作者 老年日报 信息写入完成
2025-06-29T14:59:41.911335+0800 INFO 漫画：哈哈哈,https://toutiao.com/group/7320012265993290240/?channel=&in_ogs=&in_tfs=&original_source=&source=news&traffic_source=&utm_medium=wap_search&utm_source=, 老年日报
2025-06-29T14:59:41.911843+0800 INFO 当前采集  哈哈哈，第1页
2025-06-29T14:59:45.626474+0800 INFO 作者 Hereyuyu 信息写入完成
2025-06-29T14:59:45.627662+0800 INFO 哈哈哈,https://toutiao.com/group/7511714978467004954/?channel=&in_ogs=&in_tfs=&original_source=&source=news&traffic_source=&utm_medium=wap_search&utm_source=, Hereyuyu
2025-06-29T14:59:47.171599+0800 INFO 作者 Hereyuyu 信息写入完成
2025-06-29T14:59:47.172664+0800 INFO 哈哈哈,https://toutiao.com/group/7510433649502814774/?channel=&in_ogs=&in_tfs=&original_source=&source=news&traffic_source=&utm_medium=wap_search&utm_source=, Hereyuyu
2025-06-29T14:59:48.426060+0800 INFO 作者 Hereyuyu 信息写入完成
2025-06-29T14:59:48.426683+0800 INFO 哈哈哈,https://toutiao.com/group/7515303039473959450/?channel=&in_ogs=&in_tfs=&original_source=&source=news&traffic_source=&utm_medium=wap_search&utm_source=, Hereyuyu
2025-06-29T14:59:49.680778+0800 INFO 作者 A镜子中的我 信息写入完成
2025-06-29T14:59:49.681781+0800 INFO 哈哈哈,https://toutiao.com/group/7512401413549326885/?channel=&in_ogs=&in_tfs=&original_source=&source=news&traffic_source=&utm_medium=wap_search&utm_source=, A镜子中的我
2025-06-29T14:59:49.682454+0800 INFO 当前采集  哈哈哈，第2页
2025-06-29T14:59:52.573082+0800 INFO 作者 唐门糖罐 信息写入完成
2025-06-29T14:59:52.575253+0800 INFO 哈哈哈,https://toutiao.com/group/7516077467040678435/?channel=&in_ogs=&in_tfs=&original_source=&source=news&traffic_source=&utm_medium=wap_search&utm_source=, 唐门糖罐
2025-06-29T14:59:54.192204+0800 INFO 作者 认真的松鼠hS 信息写入完成
2025-06-29T14:59:54.193275+0800 INFO 哈哈哈,https://toutiao.com/group/7511358716852175400/?channel=&in_ogs=&in_tfs=&original_source=&source=news&traffic_source=&utm_medium=wap_search&utm_source=, 认真的松鼠hS
2025-06-29T14:59:54.461870+0800 INFO 评论  信息写入完成
2025-06-29T14:59:55.500679+0800 INFO 作者 红烧肉 信息写入完成
2025-06-29T14:59:55.501276+0800 INFO 哈哈哈,https://toutiao.com/group/7516475908803379739/?channel=&in_ogs=&in_tfs=&original_source=&source=news&traffic_source=&utm_medium=wap_search&utm_source=, 红烧肉
2025-06-29T14:59:56.823668+0800 INFO 作者 林小白 信息写入完成
2025-06-29T14:59:56.824672+0800 INFO 哈哈哈,https://toutiao.com/group/7510654804386284069/?channel=&in_ogs=&in_tfs=&original_source=&source=news&traffic_source=&utm_medium=wap_search&utm_source=, 林小白
2025-06-29T14:59:58.038708+0800 INFO 作者 做饺子有122 信息写入完成
2025-06-29T14:59:58.040123+0800 INFO 哈哈哈,https://toutiao.com/group/7512763503569322505/?channel=&in_ogs=&in_tfs=&original_source=&source=news&traffic_source=&utm_medium=wap_search&utm_source=, 做饺子有122
2025-06-29T14:59:58.436100+0800 INFO 评论  信息写入完成
2025-06-29T14:59:58.444080+0800 INFO 评论  信息写入完成
2025-06-29T14:59:58.451520+0800 INFO 评论  信息写入完成
2025-06-29T14:59:58.458196+0800 INFO 评论  信息写入完成
2025-06-29T14:59:58.466180+0800 INFO 评论  信息写入完成
2025-06-29T14:59:58.483009+0800 INFO 评论  信息写入完成
2025-06-29T14:59:58.493226+0800 INFO 评论  信息写入完成
2025-06-29T14:59:58.502291+0800 INFO 评论  信息写入完成
2025-06-29T14:59:58.509802+0800 INFO 评论  信息写入完成
2025-06-29T14:59:58.516709+0800 INFO 评论  信息写入完成
2025-06-29T14:59:58.524182+0800 INFO 评论  信息写入完成
2025-06-29T14:59:58.533710+0800 INFO 评论  信息写入完成
2025-06-29T14:59:58.541559+0800 INFO 评论  信息写入完成
2025-06-29T14:59:58.551033+0800 INFO 评论  信息写入完成
2025-06-29T14:59:58.558174+0800 INFO 评论  信息写入完成
2025-06-29T14:59:58.565587+0800 INFO 评论  信息写入完成
2025-06-29T14:59:58.572386+0800 INFO 评论  信息写入完成
2025-06-29T14:59:58.581069+0800 INFO 评论  信息写入完成
2025-06-29T14:59:58.589116+0800 INFO 评论  信息写入完成
2025-06-29T14:59:58.597472+0800 INFO 评论  信息写入完成
2025-06-29T14:59:59.776197+0800 INFO 作者 北青网 信息写入完成
2025-06-29T14:59:59.777004+0800 INFO 年轻人为什么喜欢哈哈哈 你是“哈”人吗？,https://toutiao.com/group/6763901436435628558/?channel=&in_ogs=&in_tfs=&original_source=&source=news&traffic_source=&utm_medium=wap_search&utm_source=, 北青网
2025-06-29T15:00:23.588070+0800 INFO 当前采集  哈哈哈，第0页
2025-06-29T15:00:26.776171+0800 INFO 作者 不会发的猫 信息写入完成
2025-06-29T15:00:26.776974+0800 INFO 哈哈,https://toutiao.com/group/7520504708000219686/?channel=&in_ogs=&in_tfs=&original_source=&source=news&traffic_source=&utm_medium=wap_search&utm_source=, 不会发的猫
2025-06-29T15:00:28.559582+0800 INFO 作者 云南警方 信息写入完成
2025-06-29T15:00:28.560986+0800 INFO 哈哈哈,https://toutiao.com/group/7364209773601948211/?channel=&in_ogs=&in_tfs=&original_source=&source=news&traffic_source=&utm_medium=wap_search&utm_source=, 云南警方
2025-06-29T15:00:29.917805+0800 INFO 作者 林小白 信息写入完成
2025-06-29T15:00:29.918429+0800 INFO 哈哈哈,https://toutiao.com/group/7510654804386284069/?channel=&in_ogs=&in_tfs=&original_source=&source=news&traffic_source=&utm_medium=wap_search&utm_source=, 林小白
2025-06-29T15:00:31.463336+0800 INFO 作者 茉莉 信息写入完成
2025-06-29T15:00:31.464230+0800 INFO 哈哈哈,https://toutiao.com/group/7425291252008010250/?channel=&in_ogs=&in_tfs=&original_source=&source=news&traffic_source=&utm_medium=wap_search&utm_source=, 茉莉
2025-06-29T15:00:32.495416+0800 INFO 作者 每日臣鲜果 信息写入完成
2025-06-29T15:00:32.496420+0800 INFO 哈哈哈,https://toutiao.com/group/7179767525050417720/?channel=&in_ogs=&in_tfs=&original_source=&source=news&traffic_source=&utm_medium=wap_search&utm_source=, 每日臣鲜果
2025-06-29T15:00:34.040248+0800 INFO 作者 新时代的祥子 信息写入完成
2025-06-29T15:00:34.041228+0800 INFO 哈哈哈,https://toutiao.com/group/7505192065827881491/?channel=&in_ogs=&in_tfs=&original_source=&source=news&traffic_source=&utm_medium=wap_search&utm_source=, 新时代的祥子
2025-06-29T15:00:34.320077+0800 INFO 评论  信息写入完成
2025-06-29T15:00:34.325108+0800 INFO 评论  信息写入完成
2025-06-29T15:00:34.328187+0800 INFO 评论  信息写入完成
2025-06-29T15:00:34.333218+0800 INFO 评论  信息写入完成
2025-06-29T15:00:34.336225+0800 INFO 评论  信息写入完成
2025-06-29T15:00:35.440523+0800 INFO 作者 表情包包H 信息写入完成
2025-06-29T15:00:35.441154+0800 INFO 表情包7哈哈哈,https://toutiao.com/group/7197367418313179648/?channel=&in_ogs=&in_tfs=&original_source=&source=news&traffic_source=&utm_medium=wap_search&utm_source=, 表情包包H
2025-06-29T15:00:36.843736+0800 INFO 作者 半只月亮ly 信息写入完成
2025-06-29T15:00:36.844705+0800 INFO 哈哈哈哈哈,https://toutiao.com/group/7520215160510825012/?channel=&in_ogs=&in_tfs=&original_source=&source=news&traffic_source=&utm_medium=wap_search&utm_source=, 半只月亮ly
2025-06-29T15:00:38.293578+0800 INFO 作者 想你的夜 信息写入完成
2025-06-29T15:00:38.294533+0800 INFO 哈哈哈,https://toutiao.com/group/7354010978096284196/?channel=&in_ogs=&in_tfs=&original_source=&source=news&traffic_source=&utm_medium=wap_search&utm_source=, 想你的夜
2025-06-29T15:00:39.585564+0800 INFO 作者 老年日报 信息写入完成
2025-06-29T15:00:39.587156+0800 INFO 漫画：哈哈哈,https://toutiao.com/group/7320012265993290240/?channel=&in_ogs=&in_tfs=&original_source=&source=news&traffic_source=&utm_medium=wap_search&utm_source=, 老年日报
2025-06-29T15:00:39.587659+0800 INFO 当前采集  哈哈哈，第1页
2025-06-29T15:00:42.303016+0800 INFO 作者 Hereyuyu 信息写入完成
2025-06-29T15:00:42.303848+0800 INFO 哈哈哈,https://toutiao.com/group/7511714978467004954/?channel=&in_ogs=&in_tfs=&original_source=&source=news&traffic_source=&utm_medium=wap_search&utm_source=, Hereyuyu
2025-06-29T15:00:43.660358+0800 INFO 作者 Hereyuyu 信息写入完成
2025-06-29T15:00:43.661017+0800 INFO 哈哈哈,https://toutiao.com/group/7510433649502814774/?channel=&in_ogs=&in_tfs=&original_source=&source=news&traffic_source=&utm_medium=wap_search&utm_source=, Hereyuyu
2025-06-29T15:00:45.242579+0800 INFO 作者 Hereyuyu 信息写入完成
2025-06-29T15:00:45.243585+0800 INFO 哈哈哈,https://toutiao.com/group/7515303039473959450/?channel=&in_ogs=&in_tfs=&original_source=&source=news&traffic_source=&utm_medium=wap_search&utm_source=, Hereyuyu
2025-06-29T15:00:46.316490+0800 INFO 作者 A镜子中的我 信息写入完成
2025-06-29T15:00:46.317425+0800 INFO 哈哈哈,https://toutiao.com/group/7512401413549326885/?channel=&in_ogs=&in_tfs=&original_source=&source=news&traffic_source=&utm_medium=wap_search&utm_source=, A镜子中的我
2025-06-29T15:00:46.317929+0800 INFO 当前采集  哈哈哈，第2页
2025-06-29T15:00:49.073806+0800 INFO 作者 唐门糖罐 信息写入完成
2025-06-29T15:00:49.075469+0800 INFO 哈哈哈,https://toutiao.com/group/7516077467040678435/?channel=&in_ogs=&in_tfs=&original_source=&source=news&traffic_source=&utm_medium=wap_search&utm_source=, 唐门糖罐
2025-06-29T15:00:50.587288+0800 INFO 作者 认真的松鼠hS 信息写入完成
2025-06-29T15:00:50.587924+0800 INFO 哈哈哈,https://toutiao.com/group/7511358716852175400/?channel=&in_ogs=&in_tfs=&original_source=&source=news&traffic_source=&utm_medium=wap_search&utm_source=, 认真的松鼠hS
2025-06-29T15:00:51.154561+0800 INFO 评论  信息写入完成
2025-06-29T15:00:52.245587+0800 INFO 作者 红烧肉 信息写入完成
2025-06-29T15:00:52.246873+0800 INFO 哈哈哈,https://toutiao.com/group/7516475908803379739/?channel=&in_ogs=&in_tfs=&original_source=&source=news&traffic_source=&utm_medium=wap_search&utm_source=, 红烧肉
2025-06-29T15:00:53.764958+0800 INFO 作者 林小白 信息写入完成
2025-06-29T15:00:53.766443+0800 INFO 哈哈哈,https://toutiao.com/group/7510654804386284069/?channel=&in_ogs=&in_tfs=&original_source=&source=news&traffic_source=&utm_medium=wap_search&utm_source=, 林小白
2025-06-29T15:00:55.118618+0800 INFO 作者 做饺子有122 信息写入完成
2025-06-29T15:00:55.119621+0800 INFO 哈哈哈,https://toutiao.com/group/7512763503569322505/?channel=&in_ogs=&in_tfs=&original_source=&source=news&traffic_source=&utm_medium=wap_search&utm_source=, 做饺子有122
2025-06-29T15:00:55.554875+0800 INFO 评论  信息写入完成
2025-06-29T15:00:55.558311+0800 INFO 评论  信息写入完成
2025-06-29T15:00:55.562395+0800 INFO 评论  信息写入完成
2025-06-29T15:00:55.566405+0800 INFO 评论  信息写入完成
2025-06-29T15:00:55.569791+0800 INFO 评论  信息写入完成
2025-06-29T15:00:55.573799+0800 INFO 评论  信息写入完成
2025-06-29T15:00:55.579735+0800 INFO 评论  信息写入完成
2025-06-29T15:00:55.584116+0800 INFO 评论  信息写入完成
2025-06-29T15:00:55.588508+0800 INFO 评论  信息写入完成
2025-06-29T15:00:55.591635+0800 INFO 评论  信息写入完成
2025-06-29T15:00:55.595977+0800 INFO 评论  信息写入完成
2025-06-29T15:00:55.600260+0800 INFO 评论  信息写入完成
2025-06-29T15:00:55.604427+0800 INFO 评论  信息写入完成
2025-06-29T15:00:55.608967+0800 INFO 评论  信息写入完成
2025-06-29T15:00:55.615845+0800 INFO 评论  信息写入完成
2025-06-29T15:00:55.619960+0800 INFO 评论  信息写入完成
2025-06-29T15:00:55.623570+0800 INFO 评论  信息写入完成
2025-06-29T15:00:55.627580+0800 INFO 评论  信息写入完成
2025-06-29T15:00:55.630769+0800 INFO 评论  信息写入完成
2025-06-29T15:00:55.635113+0800 INFO 评论  信息写入完成
2025-06-29T15:00:56.862699+0800 INFO 作者 北青网 信息写入完成
2025-06-29T15:00:56.863890+0800 INFO 年轻人为什么喜欢哈哈哈 你是“哈”人吗？,https://toutiao.com/group/6763901436435628558/?channel=&in_ogs=&in_tfs=&original_source=&source=news&traffic_source=&utm_medium=wap_search&utm_source=, 北青网
2025-06-29T15:24:09.164075+0800 INFO 当前采集  123，第0页
2025-06-29T15:24:12.013231+0800 INFO 作者 毛体书法艺术 信息写入完成
2025-06-29T15:24:12.014690+0800 INFO 123,https://toutiao.com/group/7520148983407231515/?channel=&in_ogs=&in_tfs=&original_source=&source=news&traffic_source=&utm_medium=wap_search&utm_source=, 毛体书法艺术
2025-06-29T15:24:12.316779+0800 INFO 评论  信息写入完成
2025-06-29T15:24:13.363780+0800 INFO 作者 历史人物 信息写入完成
2025-06-29T15:24:13.365370+0800 INFO 123,https://toutiao.com/group/7521065825915142694/?channel=&in_ogs=&in_tfs=&original_source=&source=news&traffic_source=&utm_medium=wap_search&utm_source=, 历史人物
2025-06-29T15:24:14.706009+0800 INFO 作者 冠县发布 信息写入完成
2025-06-29T15:24:14.706853+0800 INFO 兰沃乡：以“123”工作法夯实党管武装根基,https://toutiao.com/group/7521260261991334434/?channel=&in_ogs=&in_tfs=&original_source=&source=news&traffic_source=&utm_medium=wap_search&utm_source=, 冠县发布
2025-06-29T15:24:16.075578+0800 INFO 作者 花醉依琯 信息写入完成
2025-06-29T15:24:16.076249+0800 INFO 123,https://toutiao.com/group/7519409884568273423/?channel=&in_ogs=&in_tfs=&original_source=&source=news&traffic_source=&utm_medium=wap_search&utm_source=, 花醉依琯
2025-06-29T15:24:17.332275+0800 INFO 作者 小明你好 信息写入完成
2025-06-29T15:24:17.333877+0800 INFO 123,https://toutiao.com/group/7518704756165034511/?channel=&in_ogs=&in_tfs=&original_source=&source=news&traffic_source=&utm_medium=wap_search&utm_source=, 小明你好
2025-06-29T15:24:17.334807+0800 INFO 当前采集  123，第1页
2025-06-29T15:36:07.583643+0800 INFO 当前采集  哲学，第0页
2025-06-29T15:36:11.398384+0800 INFO 作者 龙门老道 信息写入完成
2025-06-29T15:36:11.399069+0800 INFO 哲学,https://toutiao.com/group/7520788582680822307/?channel=&in_ogs=&in_tfs=&original_source=&source=news&traffic_source=&utm_medium=wap_search&utm_source=, 龙门老道
2025-06-29T15:36:11.829526+0800 INFO 评论  信息写入完成
2025-06-29T15:36:11.835968+0800 INFO 评论  信息写入完成
2025-06-29T15:36:11.843855+0800 INFO 评论  信息写入完成
2025-06-29T15:36:11.850582+0800 INFO 评论  信息写入完成
2025-06-29T15:36:11.860728+0800 INFO 评论  信息写入完成
2025-06-29T15:36:11.867917+0800 INFO 评论  信息写入完成
2025-06-29T15:36:11.874774+0800 INFO 评论  信息写入完成
2025-06-29T15:36:11.882481+0800 INFO 评论  信息写入完成
2025-06-29T15:36:11.890000+0800 INFO 评论  信息写入完成
2025-06-29T15:36:11.896940+0800 INFO 评论  信息写入完成
2025-06-29T15:36:11.905448+0800 INFO 评论  信息写入完成
2025-06-29T15:36:11.912566+0800 INFO 评论  信息写入完成
2025-06-29T15:36:11.919844+0800 INFO 评论  信息写入完成
2025-06-29T15:36:11.926560+0800 INFO 评论  信息写入完成
2025-06-29T15:36:11.933568+0800 INFO 评论  信息写入完成
2025-06-29T15:36:11.943156+0800 INFO 评论  信息写入完成
2025-06-29T15:36:11.949638+0800 INFO 评论  信息写入完成
2025-06-29T15:36:11.958426+0800 INFO 评论  信息写入完成
2025-06-29T15:36:11.965066+0800 INFO 评论  信息写入完成
2025-06-29T15:36:11.974245+0800 INFO 评论  信息写入完成
2025-06-29T15:37:11.356703+0800 INFO 当前采集  计算机组成，第0页
2025-06-29T15:37:15.399525+0800 INFO 作者 IT档案馆 信息写入完成
2025-06-29T15:37:15.401075+0800 INFO 计算机是由哪些部件组成的？如何组装一台自己的电脑？,https://toutiao.com/group/7097534679590404623/?channel=&in_ogs=&in_tfs=&original_source=&source=news&traffic_source=&utm_medium=wap_search&utm_source=, IT档案馆
2025-06-29T15:37:16.195110+0800 INFO 评论  信息写入完成
2025-06-29T15:37:16.203128+0800 INFO 评论  信息写入完成
2025-06-29T15:37:16.210383+0800 INFO 评论  信息写入完成
2025-06-29T15:37:16.218542+0800 INFO 评论  信息写入完成
2025-06-29T15:37:16.226041+0800 INFO 评论  信息写入完成
2025-06-29T15:37:16.233412+0800 INFO 评论  信息写入完成
2025-06-29T15:37:16.241533+0800 INFO 评论  信息写入完成
2025-06-29T15:37:16.249223+0800 INFO 评论  信息写入完成
2025-06-29T15:37:16.256446+0800 INFO 评论  信息写入完成
2025-06-29T15:37:16.264575+0800 INFO 评论  信息写入完成
2025-06-29T15:37:16.272192+0800 INFO 评论  信息写入完成
2025-06-29T15:37:16.280705+0800 INFO 评论  信息写入完成
2025-06-29T15:37:16.288130+0800 INFO 评论  信息写入完成
2025-06-29T15:37:16.296297+0800 INFO 评论  信息写入完成
2025-06-29T15:37:16.302529+0800 INFO 评论  信息写入完成
2025-06-29T15:37:16.312438+0800 INFO 评论  信息写入完成
2025-06-29T15:37:16.320474+0800 INFO 评论  信息写入完成
2025-06-29T15:37:16.327224+0800 INFO 评论  信息写入完成
2025-06-29T15:37:16.335512+0800 INFO 评论  信息写入完成
2025-06-29T15:37:16.343845+0800 INFO 评论  信息写入完成
2025-06-29T15:37:17.621609+0800 INFO 作者 CSDN 信息写入完成
2025-06-29T15:37:17.622590+0800 INFO 图解！24 张图彻底弄懂九大常见数据结构,https://toutiao.com/group/6832487299465347591/?channel=&in_ogs=&in_tfs=&original_source=&source=news&traffic_source=&utm_medium=wap_search&utm_source=, CSDN
2025-06-29T15:37:19.407956+0800 INFO 作者 东西儿童教育 信息写入完成
2025-06-29T15:37:19.408816+0800 INFO 怎么给孩子讲清电脑的组成结构？故事+知识，最好懂！,https://toutiao.com/group/6623597780130595341/?channel=&in_ogs=&in_tfs=&original_source=&source=news&traffic_source=&utm_medium=wap_search&utm_source=, 东西儿童教育
2025-06-29T15:37:19.807167+0800 INFO 评论  信息写入完成
2025-06-29T15:37:21.300931+0800 INFO 作者 码上暴富 信息写入完成
2025-06-29T15:37:21.301722+0800 INFO 揭秘计算机的硬件组成：一文让你了解所有组成部件,https://toutiao.com/group/7393348836657316364/?channel=&in_ogs=&in_tfs=&original_source=&source=news&traffic_source=&utm_medium=wap_search&utm_source=, 码上暴富
2025-06-29T15:37:23.299442+0800 INFO 作者 狗都不学Java 信息写入完成
2025-06-29T15:37:23.300235+0800 INFO 计算机组成原理-计算机的结构及体系结构的分类,https://toutiao.com/group/6933827613723181582/?channel=&in_ogs=&in_tfs=&original_source=&source=news&traffic_source=&utm_medium=wap_search&utm_source=, 狗都不学Java
2025-06-29T15:37:25.074836+0800 INFO 作者 小虎的it世界 信息写入完成
2025-06-29T15:37:25.075736+0800 INFO 计算机硬件系统的组成有哪些,https://toutiao.com/group/7122030412481839619/?channel=&in_ogs=&in_tfs=&original_source=&source=news&traffic_source=&utm_medium=wap_search&utm_source=, 小虎的it世界
2025-06-29T15:37:25.076970+0800 INFO 当前采集  计算机组成，第1页
2025-06-29T15:37:28.345689+0800 INFO 作者 种花家的老兔子 信息写入完成
2025-06-29T15:37:28.346694+0800 INFO 计算机硬件介绍,https://toutiao.com/group/7518333614142603814/?channel=&in_ogs=&in_tfs=&original_source=&source=news&traffic_source=&utm_medium=wap_search&utm_source=, 种花家的老兔子
2025-06-29T15:37:28.782102+0800 INFO 评论  信息写入完成
2025-06-29T15:37:28.786119+0800 INFO 评论  信息写入完成
2025-06-29T15:37:28.790129+0800 INFO 评论  信息写入完成
2025-06-29T15:37:30.221728+0800 INFO 作者 小牛呼噜噜 信息写入完成
2025-06-29T15:37:30.222622+0800 INFO 计算机的基本组成是什么样子的？,https://toutiao.com/group/7208046500876993036/?channel=&in_ogs=&in_tfs=&original_source=&source=news&traffic_source=&utm_medium=wap_search&utm_source=, 小牛呼噜噜
2025-06-29T15:37:32.052707+0800 INFO 作者 诗妍姐姐 信息写入完成
2025-06-29T15:37:32.053899+0800 INFO 跟着诗妍姐姐学电脑——计算机硬件系统的组成,https://toutiao.com/group/6859564479332483592/?channel=&in_ogs=&in_tfs=&original_source=&source=news&traffic_source=&utm_medium=wap_search&utm_source=, 诗妍姐姐
2025-06-29T15:37:32.385365+0800 INFO 评论  信息写入完成
2025-06-29T15:37:32.388575+0800 INFO 评论  信息写入完成
2025-06-29T15:37:34.156013+0800 INFO 作者 无名火舞 信息写入完成
2025-06-29T15:37:34.157201+0800 INFO 计算机的基本组成。1.2.1冯·诺依曼计算机的特点,https://toutiao.com/group/6768437322695311883/?channel=&in_ogs=&in_tfs=&original_source=&source=news&traffic_source=&utm_medium=wap_search&utm_source=, 无名火舞
2025-06-29T15:37:34.520156+0800 INFO 评论  信息写入完成
2025-06-29T15:37:34.525169+0800 INFO 评论  信息写入完成
2025-06-29T15:37:34.528174+0800 INFO 评论  信息写入完成
2025-06-29T15:37:34.533298+0800 INFO 评论  信息写入完成
2025-06-29T15:37:34.537020+0800 INFO 评论  信息写入完成
2025-06-29T15:37:34.542494+0800 INFO 评论  信息写入完成
2025-06-29T15:37:34.546525+0800 INFO 评论  信息写入完成
2025-06-29T15:37:34.550701+0800 INFO 评论  信息写入完成
2025-06-29T15:37:34.554469+0800 INFO 评论  信息写入完成
2025-06-29T15:37:34.558948+0800 INFO 评论  信息写入完成
2025-06-29T15:37:35.792195+0800 INFO 作者 微笑橙子mR 信息写入完成
2025-06-29T15:37:35.793201+0800 INFO 计算机应该知道的基础知识（计算机的组成）,https://toutiao.com/group/7281457157890097724/?channel=&in_ogs=&in_tfs=&original_source=&source=news&traffic_source=&utm_medium=wap_search&utm_source=, 微笑橙子mR
2025-06-29T15:37:37.480958+0800 INFO 作者 deeplearning爱好者 信息写入完成
2025-06-29T15:37:37.481962+0800 INFO 408计组考研：计算机的层次结构知多少,https://toutiao.com/group/7036149719189520900/?channel=&in_ogs=&in_tfs=&original_source=&source=news&traffic_source=&utm_medium=wap_search&utm_source=, deeplearning爱好者
2025-06-29T15:37:39.115244+0800 INFO 作者 前方请减速 信息写入完成
2025-06-29T15:37:39.116649+0800 INFO 计算机类专业分类和选择，供参考，望有用,https://toutiao.com/group/7514848640595165734/?channel=&in_ogs=&in_tfs=&original_source=&source=news&traffic_source=&utm_medium=wap_search&utm_source=, 前方请减速
2025-06-29T15:37:40.909786+0800 INFO 作者 晨晨 信息写入完成
2025-06-29T15:37:40.911032+0800 INFO 计算机系统概述,https://toutiao.com/group/7513894472170914313/?channel=&in_ogs=&in_tfs=&original_source=&source=news&traffic_source=&utm_medium=wap_search&utm_source=, 晨晨
2025-06-29T15:37:40.912040+0800 INFO 当前采集  计算机组成，第2页
2025-06-29T15:37:43.336417+0800 INFO 评论  信息写入完成
2025-06-29T15:37:44.363727+0800 INFO 作者 Master编程树&Linux云计算 信息写入完成
2025-06-29T15:37:44.365292+0800 INFO 计算机：计算机系统的基本结构,https://toutiao.com/group/6770475847590609415/?channel=&in_ogs=&in_tfs=&original_source=&source=news&traffic_source=&utm_medium=wap_search&utm_source=, Master编程树&amp;Linux云计算
2025-06-29T15:37:46.168649+0800 INFO 作者 张文鹤 信息写入完成
2025-06-29T15:37:46.170340+0800 INFO 5 计算机系统概述&amp;计算机硬件,https://toutiao.com/group/7441229524190134796/?channel=&in_ogs=&in_tfs=&original_source=&source=news&traffic_source=&utm_medium=wap_search&utm_source=, 张文鹤
2025-06-29T15:37:46.872030+0800 INFO 评论  信息写入完成
2025-06-29T15:37:46.877169+0800 INFO 评论  信息写入完成
2025-06-29T15:37:48.458747+0800 INFO 作者 大学生编程指南 信息写入完成
2025-06-29T15:37:48.459250+0800 INFO 作为计算机专业的，最该学的三门课程,https://toutiao.com/group/6216184633240436993/?channel=&in_ogs=&in_tfs=&original_source=&source=news&traffic_source=&utm_medium=wap_search&utm_source=, 大学生编程指南
2025-06-29T15:37:50.251832+0800 INFO 作者 硬件笔记Ben 信息写入完成
2025-06-29T15:37:50.252653+0800 INFO 计算机的硬件组成,https://toutiao.com/group/7267445324627591736/?channel=&in_ogs=&in_tfs=&original_source=&source=news&traffic_source=&utm_medium=wap_search&utm_source=, 硬件笔记Ben
2025-06-29T15:37:52.379135+0800 INFO 作者 新左旗信访局 信息写入完成
2025-06-29T15:37:52.379840+0800 INFO 图解科学计算机内部结构是什么样的？,https://toutiao.com/group/6345290590863638786/?channel=&in_ogs=&in_tfs=&original_source=&source=news&traffic_source=&utm_medium=wap_search&utm_source=, 新左旗信访局
2025-06-29T15:37:52.772369+0800 INFO 评论  信息写入完成
2025-06-29T15:37:52.777012+0800 INFO 评论  信息写入完成
2025-06-29T15:37:52.780035+0800 INFO 评论  信息写入完成
2025-06-29T15:37:52.784144+0800 INFO 评论  信息写入完成
2025-06-29T15:37:52.788443+0800 INFO 评论  信息写入完成
2025-06-29T15:37:52.791615+0800 INFO 评论  信息写入完成
2025-06-29T15:37:52.796592+0800 INFO 评论  信息写入完成
2025-06-29T15:37:52.798879+0800 INFO 评论  信息写入完成
2025-06-29T15:37:52.803683+0800 INFO 评论  信息写入完成
2025-06-29T15:37:54.069949+0800 INFO 作者 跟我学电脑 信息写入完成
2025-06-29T15:37:54.071343+0800 INFO 计算机的发展史，你对硬件知识了解多少，带大家了解一下.,https://toutiao.com/group/6753856091563491847/?channel=&in_ogs=&in_tfs=&original_source=&source=news&traffic_source=&utm_medium=wap_search&utm_source=, 跟我学电脑
2025-06-29T15:37:55.957375+0800 INFO 作者 微笑橙子mR 信息写入完成
2025-06-29T15:37:55.958379+0800 INFO 电脑有哪些组成部分,https://toutiao.com/group/7126828211400704520/?channel=&in_ogs=&in_tfs=&original_source=&source=news&traffic_source=&utm_medium=wap_search&utm_source=, 微笑橙子mR
2025-06-29T15:37:57.686290+0800 INFO 作者 侃风云说历史讲人物 信息写入完成
2025-06-29T15:37:57.687193+0800 INFO 计算机的发展、类型及其应用领域,https://toutiao.com/group/6810571424999145988/?channel=&in_ogs=&in_tfs=&original_source=&source=news&traffic_source=&utm_medium=wap_search&utm_source=, 侃风云说历史讲人物
2025-06-29T15:37:59.430885+0800 INFO 作者 白鲸实验室 信息写入完成
2025-06-29T15:37:59.431758+0800 INFO 基础科普组成一台计算机的主要硬件是什么？它们分别有哪些功能？,https://toutiao.com/group/7158669940244283912/?channel=&in_ogs=&in_tfs=&original_source=&source=news&traffic_source=&utm_medium=wap_search&utm_source=, 白鲸实验室
2025-06-29T15:40:41.646542+0800 INFO 当前采集  abc，第0页
2025-06-29T15:40:43.870408+0800 INFO 评论  信息写入完成
2025-06-29T15:40:43.878414+0800 INFO 评论  信息写入完成
2025-06-29T15:40:45.417994+0800 INFO 作者 每日经济新闻 信息写入完成
2025-06-29T15:40:45.419348+0800 INFO 空客中国：“ABC”同台竞技，将来全球最好的产品可能在中国,https://toutiao.com/group/7520563339689230887/?channel=&in_ogs=&in_tfs=&original_source=&source=news&traffic_source=&utm_medium=wap_search&utm_source=, 每日经济新闻
2025-06-29T15:40:45.791103+0800 INFO 评论  信息写入完成
2025-06-29T15:40:45.798796+0800 INFO 评论  信息写入完成
2025-06-29T15:40:45.805807+0800 INFO 评论  信息写入完成
2025-06-29T15:40:45.813130+0800 INFO 评论  信息写入完成
2025-06-29T15:40:45.820742+0800 INFO 评论  信息写入完成
2025-06-29T15:40:47.579077+0800 INFO 作者 环球网 信息写入完成
2025-06-29T15:40:47.580155+0800 INFO 日媒：为什么“ABC”策略将会失败,https://toutiao.com/group/7491080043997708852/?channel=&in_ogs=&in_tfs=&original_source=&source=news&traffic_source=&utm_medium=wap_search&utm_source=, 环球网
2025-06-29T15:40:47.928324+0800 INFO 评论  信息写入完成
2025-06-29T15:40:48.561024+0800 ERROR 文章页请求失败 404
2025-06-29T15:40:48.561802+0800 INFO 看懂“通马”并不难，一起来学ABC,https://toutiao.com/group/6746719722424762892/?channel=&in_ogs=&in_tfs=&original_source=&source=news&traffic_source=&utm_medium=wap_search&utm_source=, 光明网
2025-06-29T15:40:48.976741+0800 INFO 评论  信息写入完成
2025-06-29T15:40:50.375334+0800 INFO 作者 央视频 信息写入完成
2025-06-29T15:40:50.376337+0800 INFO 从中国AI创业十骏，看中国AI发展的“ABC立体坐标系”,https://toutiao.com/group/7517202566813123106/?channel=&in_ogs=&in_tfs=&original_source=&source=news&traffic_source=&utm_medium=wap_search&utm_source=, 央视频
2025-06-29T15:40:50.966856+0800 INFO 评论  信息写入完成
2025-06-29T15:40:50.974476+0800 INFO 评论  信息写入完成
2025-06-29T15:40:50.981240+0800 INFO 评论  信息写入完成
2025-06-29T15:40:50.989104+0800 INFO 评论  信息写入完成
2025-06-29T15:40:52.303565+0800 INFO 作者 环球网 信息写入完成
2025-06-29T15:40:52.304414+0800 INFO “接受不了可以不买？”ABC回应客服不当言论,https://toutiao.com/group/7436324799393038888/?channel=&in_ogs=&in_tfs=&original_source=&source=news&traffic_source=&utm_medium=wap_search&utm_source=, 环球网
2025-06-29T15:40:53.860652+0800 INFO 作者 界面新闻 信息写入完成
2025-06-29T15:40:53.861846+0800 INFO ABC“比基尼安睡裤”翻车，被指“拿经期性感当卖点”，遭抵制后已火速全面下架,https://toutiao.com/group/7470499094004351522/?channel=&in_ogs=&in_tfs=&original_source=&source=news&traffic_source=&utm_medium=wap_search&utm_source=, 界面新闻
2025-06-29T15:40:54.282072+0800 INFO 评论  信息写入完成
2025-06-29T15:40:55.676682+0800 INFO 作者 虎嗅APP 信息写入完成
2025-06-29T15:40:55.677510+0800 INFO 国际储能电池“ABC”格局形成，竞争力护城河是如何建成的,https://toutiao.com/group/7476549261023314495/?channel=&in_ogs=&in_tfs=&original_source=&source=news&traffic_source=&utm_medium=wap_search&utm_source=, 虎嗅APP
2025-06-29T15:40:56.112690+0800 INFO 评论  信息写入完成
2025-06-29T15:40:56.120009+0800 INFO 评论  信息写入完成
2025-06-29T15:40:56.127309+0800 INFO 评论  信息写入完成
2025-06-29T15:40:56.133792+0800 INFO 评论  信息写入完成
2025-06-29T15:40:56.147681+0800 INFO 评论  信息写入完成
2025-06-29T15:40:56.159651+0800 INFO 评论  信息写入完成
2025-06-29T15:40:56.166537+0800 INFO 评论  信息写入完成
2025-06-29T15:40:56.176263+0800 INFO 评论  信息写入完成
2025-06-29T15:40:56.183542+0800 INFO 评论  信息写入完成
2025-06-29T15:40:56.193202+0800 INFO 评论  信息写入完成
2025-06-29T15:40:56.199770+0800 INFO 评论  信息写入完成
2025-06-29T15:40:56.206651+0800 INFO 评论  信息写入完成
2025-06-29T15:40:56.214192+0800 INFO 评论  信息写入完成
2025-06-29T15:40:56.223627+0800 INFO 评论  信息写入完成
2025-06-29T15:40:56.230421+0800 INFO 评论  信息写入完成
2025-06-29T15:40:56.238897+0800 INFO 评论  信息写入完成
2025-06-29T15:40:56.246107+0800 INFO 评论  信息写入完成
2025-06-29T15:40:57.618516+0800 INFO 作者 环球网 信息写入完成
2025-06-29T15:40:57.619313+0800 INFO “偷工减料态度还差！”ABC被骂上热搜，产品已全部下架,https://toutiao.com/group/7438145813546615323/?channel=&in_ogs=&in_tfs=&original_source=&source=news&traffic_source=&utm_medium=wap_search&utm_source=, 环球网
2025-06-29T15:40:58.253083+0800 INFO 评论  信息写入完成
2025-06-29T15:40:58.260655+0800 INFO 评论  信息写入完成
2025-06-29T15:40:58.267753+0800 INFO 评论  信息写入完成
2025-06-29T15:40:58.274777+0800 INFO 评论  信息写入完成
2025-06-29T15:40:58.282378+0800 INFO 评论  信息写入完成
2025-06-29T15:40:58.288813+0800 INFO 评论  信息写入完成
2025-06-29T15:40:58.296005+0800 INFO 评论  信息写入完成
2025-06-29T15:40:58.303995+0800 INFO 评论  信息写入完成
2025-06-29T15:40:58.311133+0800 INFO 评论  信息写入完成
2025-06-29T15:40:58.318183+0800 INFO 评论  信息写入完成
2025-06-29T15:40:58.327581+0800 INFO 评论  信息写入完成
2025-06-29T15:40:58.335762+0800 INFO 评论  信息写入完成
2025-06-29T15:40:58.342491+0800 INFO 评论  信息写入完成
2025-06-29T15:40:58.352325+0800 INFO 评论  信息写入完成
2025-06-29T15:40:58.359487+0800 INFO 评论  信息写入完成
2025-06-29T15:40:58.367027+0800 INFO 评论  信息写入完成
2025-06-29T15:40:58.374764+0800 INFO 评论  信息写入完成
2025-06-29T15:40:58.381344+0800 INFO 评论  信息写入完成
2025-06-29T15:40:58.388469+0800 INFO 评论  信息写入完成
2025-06-29T15:40:58.395967+0800 INFO 评论  信息写入完成
2025-06-29T15:41:00.014221+0800 INFO 作者 极目新闻 信息写入完成
2025-06-29T15:41:00.015710+0800 INFO “如果接受不了可以不买”ABC被骂，创始人邓景衡视频回应：不做任何辩解,https://toutiao.com/group/7439974413023379994/?channel=&in_ogs=&in_tfs=&original_source=&source=news&traffic_source=&utm_medium=wap_search&utm_source=, 极目新闻
2025-06-29T15:42:58.224248+0800 INFO 当前采集  123，第0页
2025-06-29T15:43:04.512312+0800 INFO 作者 毛体书法艺术 信息写入完成
2025-06-29T15:43:04.513313+0800 INFO 123,https://toutiao.com/group/7520148983407231515/?channel=&in_ogs=&in_tfs=&original_source=&source=news&traffic_source=&utm_medium=wap_search&utm_source=, 毛体书法艺术
2025-06-29T15:43:04.893419+0800 INFO 评论  信息写入完成
2025-06-29T15:43:06.603891+0800 INFO 作者 历史人物 信息写入完成
2025-06-29T15:43:06.604540+0800 INFO 123,https://toutiao.com/group/7521065825915142694/?channel=&in_ogs=&in_tfs=&original_source=&source=news&traffic_source=&utm_medium=wap_search&utm_source=, 历史人物
2025-06-29T15:43:08.193374+0800 INFO 作者 冠县发布 信息写入完成
2025-06-29T15:43:08.194129+0800 INFO 兰沃乡：以“123”工作法夯实党管武装根基,https://toutiao.com/group/7521260261991334434/?channel=&in_ogs=&in_tfs=&original_source=&source=news&traffic_source=&utm_medium=wap_search&utm_source=, 冠县发布
2025-06-29T15:43:10.006723+0800 INFO 作者 花醉依琯 信息写入完成
2025-06-29T15:43:10.008033+0800 INFO 123,https://toutiao.com/group/7519409884568273423/?channel=&in_ogs=&in_tfs=&original_source=&source=news&traffic_source=&utm_medium=wap_search&utm_source=, 花醉依琯
2025-06-29T15:43:13.058061+0800 INFO 作者 小明你好 信息写入完成
2025-06-29T15:43:13.060050+0800 INFO 123,https://toutiao.com/group/7518704756165034511/?channel=&in_ogs=&in_tfs=&original_source=&source=news&traffic_source=&utm_medium=wap_search&utm_source=, 小明你好
2025-06-29T15:43:52.095888+0800 INFO 当前采集  哈哈哈，第0页
2025-06-29T15:43:56.369983+0800 INFO 作者 央视频 信息写入完成
2025-06-29T15:43:56.371597+0800 INFO 人类笑声“哈哈哈”竟是全球标配！笑出“鹅叫”也有科学解释↓,https://toutiao.com/group/6930587740824142350/?channel=&in_ogs=&in_tfs=&original_source=&source=news&traffic_source=&utm_medium=wap_search&utm_source=, 央视频
2025-06-29T15:43:56.808718+0800 INFO 评论  信息写入完成
2025-06-29T15:43:56.816318+0800 INFO 评论  信息写入完成
2025-06-29T15:43:56.823143+0800 INFO 评论  信息写入完成
2025-06-29T15:43:56.834506+0800 INFO 评论  信息写入完成
2025-06-29T15:43:56.842504+0800 INFO 评论  信息写入完成
2025-06-29T15:43:56.849757+0800 INFO 评论  信息写入完成
2025-06-29T15:43:56.857157+0800 INFO 评论  信息写入完成
2025-06-29T15:43:56.864329+0800 INFO 评论  信息写入完成
2025-06-29T15:43:56.872566+0800 INFO 评论  信息写入完成
2025-06-29T15:43:56.879345+0800 INFO 评论  信息写入完成
2025-06-29T15:43:56.885940+0800 INFO 评论  信息写入完成
2025-06-29T15:43:56.893424+0800 INFO 评论  信息写入完成
2025-06-29T15:43:56.901102+0800 INFO 评论  信息写入完成
2025-06-29T15:43:56.908065+0800 INFO 评论  信息写入完成
2025-06-29T15:43:56.915433+0800 INFO 评论  信息写入完成
2025-06-29T15:43:56.923918+0800 INFO 评论  信息写入完成
2025-06-29T15:43:56.932632+0800 INFO 评论  信息写入完成
2025-06-29T15:43:56.940038+0800 INFO 评论  信息写入完成
2025-06-29T15:43:56.947335+0800 INFO 评论  信息写入完成
2025-06-29T15:43:56.954185+0800 INFO 评论  信息写入完成
2025-06-29T15:43:57.557630+0800 ERROR 文章页请求失败 404
2025-06-29T15:43:57.558402+0800 INFO 你知道世界各地的“哈哈哈”都怎么写吗？,https://toutiao.com/group/6781286985291006477/?channel=&in_ogs=&in_tfs=&original_source=&source=news&traffic_source=&utm_medium=wap_search&utm_source=, 光明网
2025-06-29T15:43:59.797213+0800 INFO 作者 不会发的猫 信息写入完成
2025-06-29T15:43:59.798226+0800 INFO 哈哈哈,https://toutiao.com/group/7511604415159878195/?channel=&in_ogs=&in_tfs=&original_source=&source=news&traffic_source=&utm_medium=wap_search&utm_source=, 不会发的猫
2025-06-29T15:49:48.139291+0800 INFO 当前采集  徐健苇，第0页
2025-06-29T15:49:50.921759+0800 INFO 采集完毕
2025-06-29T15:52:36.845624+0800 INFO 当前采集  徐健苇，第0页
2025-06-29T15:52:37.840995+0800 INFO 采集完毕
2025-06-29T15:53:31.217108+0800 INFO 当前采集  徐健苇，第0页
2025-06-29T15:53:31.217108+0800 INFO 当前采集  徐健苇，第0页
2025-06-29T15:53:32.220605+0800 INFO 采集完毕
2025-06-29T15:53:32.220605+0800 INFO 采集完毕
2025-06-29T15:53:52.802582+0800 INFO 当前采集  徐健苇，第0页
2025-06-29T15:53:52.802582+0800 INFO 当前采集  徐健苇，第0页
2025-06-29T15:53:52.802582+0800 INFO 当前采集  徐健苇，第0页
2025-06-29T15:53:53.828016+0800 INFO 采集完毕
2025-06-29T15:53:53.828016+0800 INFO 采集完毕
2025-06-29T15:53:53.828016+0800 INFO 采集完毕
2025-06-29T15:54:18.070146+0800 INFO 当前采集  徐健苇，第0页
2025-06-29T15:54:18.070146+0800 INFO 当前采集  徐健苇，第0页
2025-06-29T15:54:18.070146+0800 INFO 当前采集  徐健苇，第0页
2025-06-29T15:54:18.070146+0800 INFO 当前采集  徐健苇，第0页
2025-06-29T15:54:19.255739+0800 INFO 采集完毕
2025-06-29T15:54:19.255739+0800 INFO 采集完毕
2025-06-29T15:54:19.255739+0800 INFO 采集完毕
2025-06-29T15:54:19.255739+0800 INFO 采集完毕
2025-06-29T15:54:35.543205+0800 INFO 当前采集  徐健苇，第0页
2025-06-29T15:54:35.543205+0800 INFO 当前采集  徐健苇，第0页
2025-06-29T15:54:35.543205+0800 INFO 当前采集  徐健苇，第0页
2025-06-29T15:54:35.543205+0800 INFO 当前采集  徐健苇，第0页
2025-06-29T15:54:35.543205+0800 INFO 当前采集  徐健苇，第0页
2025-06-29T15:54:36.887584+0800 INFO 采集完毕
2025-06-29T15:54:36.887584+0800 INFO 采集完毕
2025-06-29T15:54:36.887584+0800 INFO 采集完毕
2025-06-29T15:54:36.887584+0800 INFO 采集完毕
2025-06-29T15:54:36.887584+0800 INFO 采集完毕
2025-06-29T16:10:29.595037+0800 INFO 当前采集  徐健苇，第0页
2025-06-29T16:10:30.921064+0800 INFO 采集完毕
2025-06-29T16:12:53.444994+0800 INFO 当前采集  徐健苇，第0页
2025-06-29T16:12:53.444994+0800 INFO 当前采集  徐健苇，第0页
2025-06-29T16:12:54.664047+0800 INFO 采集完毕
2025-06-29T16:12:54.664047+0800 INFO 采集完毕
2025-06-29T17:02:07.595935+0800 INFO 当前采集  计算机，第0页
2025-06-29T17:02:09.398681+0800 INFO 评论  信息写入完成
2025-06-29T17:02:09.406523+0800 INFO 评论  信息写入完成
2025-06-29T17:02:09.414125+0800 INFO 评论  信息写入完成
2025-06-29T17:02:09.421642+0800 INFO 评论  信息写入完成
2025-06-29T17:02:09.428578+0800 INFO 评论  信息写入完成
2025-06-29T17:02:09.436203+0800 INFO 评论  信息写入完成
2025-06-29T17:02:09.443220+0800 INFO 评论  信息写入完成
2025-06-29T17:02:09.450213+0800 INFO 评论  信息写入完成
2025-06-29T17:02:10.722084+0800 INFO 作者 CSDN 信息写入完成
2025-06-29T17:02:10.723087+0800 INFO 高考填报计算机专业是“火坑”还是“新机遇” ｜深度对话 6 位专家,https://toutiao.com/group/7520697087827247667/?channel=&in_ogs=&in_tfs=&original_source=&source=news&traffic_source=&utm_medium=wap_search&utm_source=, CSDN
2025-06-29T17:02:12.617777+0800 INFO 作者 凯德印象 信息写入完成
2025-06-29T17:02:12.618908+0800 INFO 2025年计算机专业还值得学吗？别被AI替代吓到，机会比你想象的多,https://toutiao.com/group/7520550724590256692/?channel=&in_ogs=&in_tfs=&original_source=&source=news&traffic_source=&utm_medium=wap_search&utm_source=, 凯德印象
2025-06-29T17:02:13.002225+0800 INFO 评论  信息写入完成
2025-06-29T17:02:13.008582+0800 INFO 评论  信息写入完成
2025-06-29T17:02:14.469299+0800 INFO 作者 智慧生活报 信息写入完成
2025-06-29T17:02:14.469972+0800 INFO 正科技｜量子计算机会取代经典计算机？,https://toutiao.com/group/7518795358722441780/?channel=&in_ogs=&in_tfs=&original_source=&source=news&traffic_source=&utm_medium=wap_search&utm_source=, 智慧生活报
2025-06-29T17:02:14.797448+0800 INFO 评论  信息写入完成
2025-06-29T17:02:14.804200+0800 INFO 评论  信息写入完成
2025-06-29T17:02:14.811269+0800 INFO 评论  信息写入完成
2025-06-29T17:02:16.361296+0800 INFO 作者 求学杂志 信息写入完成
2025-06-29T17:02:16.363425+0800 INFO 王牌对王牌：计算机科学与技术 VS 软件工程,https://toutiao.com/group/7517645809144300032/?channel=&in_ogs=&in_tfs=&original_source=&source=news&traffic_source=&utm_medium=wap_search&utm_source=, 求学杂志
2025-06-29T17:02:16.822801+0800 INFO 评论  信息写入完成
2025-06-29T17:02:16.831044+0800 INFO 评论  信息写入完成
2025-06-29T17:02:16.838182+0800 INFO 评论  信息写入完成
2025-06-29T17:02:16.845202+0800 INFO 评论  信息写入完成
2025-06-29T17:02:16.851906+0800 INFO 评论  信息写入完成
2025-06-29T17:02:16.861455+0800 INFO 评论  信息写入完成
2025-06-29T17:02:16.867619+0800 INFO 评论  信息写入完成
2025-06-29T17:02:16.875204+0800 INFO 评论  信息写入完成
2025-06-29T17:02:16.882649+0800 INFO 评论  信息写入完成
2025-06-29T17:02:16.892207+0800 INFO 评论  信息写入完成
2025-06-29T17:02:16.898771+0800 INFO 评论  信息写入完成
2025-06-29T17:02:16.906323+0800 INFO 评论  信息写入完成
2025-06-29T17:02:16.913564+0800 INFO 评论  信息写入完成
2025-06-29T17:02:50.224673+0800 INFO 当前采集  徐健苇，第0页
2025-06-29T17:02:50.224673+0800 INFO 当前采集  徐健苇，第0页
2025-06-29T17:02:51.623782+0800 INFO 采集完毕
2025-06-29T17:02:51.623782+0800 INFO 采集完毕
